<?xml version="1.0" encoding="UTF-8"?>
<testng-results ignored="0" total="2" passed="2" failed="0" skipped="0">
  <reporter-output>
  </reporter-output>
  <suite started-at="2022-09-28T12:47:02 IST" name="Default suite" finished-at="2022-09-28T12:47:02 IST" duration-ms="136">
    <groups>
    </groups>
    <test started-at="2022-09-28T12:47:02 IST" name="Default test" finished-at="2022-09-28T12:47:02 IST" duration-ms="136">
      <class name="testClass">
        <test-method is-config="true" signature="jsonParse()[pri:0, instance:testClass@3fb1549b]" started-at="2022-09-28T12:47:02 IST" name="jsonParse" finished-at="2022-09-28T12:47:02 IST" duration-ms="39" status="PASS">
          <reporter-output>
          </reporter-output>
        </test-method> <!-- jsonParse -->
        <test-method signature="testCase1()[pri:0, instance:testClass@3fb1549b]" started-at="2022-09-28T12:47:02 IST" name="testCase1" finished-at="2022-09-28T12:47:02 IST" duration-ms="16" status="PASS">
          <reporter-output>
          </reporter-output>
        </test-method> <!-- testCase1 -->
        <test-method signature="testCase2()[pri:0, instance:testClass@3fb1549b]" started-at="2022-09-28T12:47:02 IST" name="testCase2" finished-at="2022-09-28T12:47:02 IST" duration-ms="3" status="PASS">
          <reporter-output>
          </reporter-output>
        </test-method> <!-- testCase2 -->
      </class> <!-- testClass -->
    </test> <!-- Default test -->
  </suite> <!-- Default suite -->
</testng-results>
